Gtk-Message: 23:58:29.526: Failed to load module "canberra-gtk-module"
Gtk-Message: 23:58:29.579: Failed to load module "canberra-gtk-module"
ATTENTION: default value of option mesa_glthread overridden by environment.
ATTENTION: default value of option mesa_glthread overridden by environment.
ATTENTION: default value of option mesa_glthread overridden by environment.
Missing chrome or resource URL: resource://gre/modules/UpdateListener.jsm
[2022-06-28T18:18:12Z ERROR mp4parse] Found 2 nul bytes in "\u{0}\u{0}"
[2022-06-28T18:18:12Z ERROR mp4parse] Found 2 nul bytes in "\u{0}\u{0}"
[2022-06-28T18:18:12Z ERROR mp4parse] Found 2 nul bytes in "\u{0}\u{0}"
[2022-06-28T18:18:12Z ERROR mp4parse] Found 2 nul bytes in "\u{0}\u{0}"
Gtk-Message: 03:13:46.721: Failed to load module "canberra-gtk-module"
Gtk-Message: 03:13:47.087: Failed to load module "canberra-gtk-module"
ATTENTION: default value of option mesa_glthread overridden by environment.
ATTENTION: default value of option mesa_glthread overridden by environment.
ATTENTION: default value of option mesa_glthread overridden by environment.
Missing chrome or resource URL: resource://gre/modules/UpdateListener.jsm
[2022-06-29T02:15:21Z ERROR mp4parse] Found 2 nul bytes in "\u{0}\u{0}"
[2022-06-29T02:15:21Z ERROR mp4parse] Found 2 nul bytes in "\u{0}\u{0}"
[2022-06-29T02:15:21Z ERROR mp4parse] Found 2 nul bytes in "\u{0}\u{0}"
[2022-06-29T02:15:21Z ERROR mp4parse] Found 2 nul bytes in "\u{0}\u{0}"
2022-07-30 16:06:20,679 - coingro.worker - INFO - Starting worker 1.0.7
2022-07-30 16:06:20,750 - coingro.configuration.load_config - INFO - Using config: user_data/config/config.json ...
2022-07-30 16:06:21,023 - coingro.loggers - INFO - Verbosity set to 0
2022-07-30 16:06:21,023 - coingro.configuration.configuration - INFO - Runmode set to dry_run.
2022-07-30 16:06:21,023 - coingro.configuration.configuration - INFO - Dry run is enabled
2022-07-30 16:06:21,023 - coingro.configuration.configuration - INFO - Using DB: "sqlite:///tradesv3.sqlite"
2022-07-30 16:06:21,024 - coingro.configuration.configuration - INFO - Using max_open_trades: 3 ...
2022-07-30 16:06:21,024 - coingro.configuration.configuration - INFO - Using user-data directory: /home/agbodesi/GitHub/coingro/user_data ...
2022-07-30 16:06:21,024 - coingro.configuration.configuration - INFO - Using data directory: /home/agbodesi/GitHub/coingro/user_data/data/binance ...
2022-07-30 16:06:21,024 - coingro.configuration.check_exchange - INFO - Checking exchange...
2022-07-30 16:06:21,047 - coingro.configuration.check_exchange - INFO - Exchange "binance" is officially supported by the Coingro development team.
2022-07-30 16:06:21,047 - coingro.configuration.configuration - INFO - Using pairlist from configuration.
2022-07-30 16:06:21,047 - coingro.coingrobot - INFO - Starting coingro 1.0.7
2022-07-30 16:06:21,201 - coingro.resolvers.iresolver - INFO - Using resolved strategy Strategy005 from '/home/agbodesi/GitHub/coingro/strategies/Strategy005.py'...
2022-07-30 16:06:21,201 - coingro.strategy.hyper - INFO - Found no parameter file.
2022-07-30 16:06:21,201 - coingro.resolvers.strategy_resolver - WARNING - DEPRECATED: Using 'sell_profit_only' moved to 'exit_profit_only'.
2022-07-30 16:06:21,201 - coingro.resolvers.strategy_resolver - WARNING - DEPRECATED: Using 'use_sell_signal' moved to 'use_exit_signal'.
2022-07-30 16:06:21,201 - coingro.resolvers.strategy_resolver - WARNING - DEPRECATED: Using 'ignore_roi_if_buy_signal' moved to 'ignore_roi_if_entry_signal'.
2022-07-30 16:06:21,202 - coingro.resolvers.strategy_resolver - INFO - Override strategy 'stake_currency' with value in config file: USDT.
2022-07-30 16:06:21,202 - coingro.resolvers.strategy_resolver - INFO - Override strategy 'stake_amount' with value in config file: 200.
2022-07-30 16:06:21,202 - coingro.resolvers.strategy_resolver - INFO - Override strategy 'unfilledtimeout' with value in config file: {'entry': 10, 'exit': 10, 'exit_timeout_count': 3, 'unit': 'minutes'}.
2022-07-30 16:06:21,202 - coingro.resolvers.strategy_resolver - INFO - Override strategy 'disable_dataframe_checks' with value in config file: False.
2022-07-30 16:06:21,202 - coingro.resolvers.strategy_resolver - INFO - Strategy using minimal_roi: {'1440': 0.01, '80': 0.02, '40': 0.03, '20': 0.04, '0': 0.05}
2022-07-30 16:06:21,202 - coingro.resolvers.strategy_resolver - INFO - Strategy using timeframe: 5m
2022-07-30 16:06:21,202 - coingro.resolvers.strategy_resolver - INFO - Strategy using stoploss: -0.1
2022-07-30 16:06:21,202 - coingro.resolvers.strategy_resolver - INFO - Strategy using trailing_stop: False
2022-07-30 16:06:21,203 - coingro.resolvers.strategy_resolver - INFO - Strategy using trailing_stop_positive: 0.01
2022-07-30 16:06:21,203 - coingro.resolvers.strategy_resolver - INFO - Strategy using trailing_stop_positive_offset: 0.02
2022-07-30 16:06:21,203 - coingro.resolvers.strategy_resolver - INFO - Strategy using trailing_only_offset_is_reached: False
2022-07-30 16:06:21,203 - coingro.resolvers.strategy_resolver - INFO - Strategy using use_custom_stoploss: False
2022-07-30 16:06:21,203 - coingro.resolvers.strategy_resolver - INFO - Strategy using process_only_new_candles: False
2022-07-30 16:06:21,203 - coingro.resolvers.strategy_resolver - INFO - Strategy using order_types: {'buy': 'limit', 'sell': 'limit', 'stoploss': 'market', 'stoploss_on_exchange': False}
2022-07-30 16:06:21,203 - coingro.resolvers.strategy_resolver - INFO - Strategy using order_time_in_force: {'entry': 'gtc', 'exit': 'gtc'}
2022-07-30 16:06:21,203 - coingro.resolvers.strategy_resolver - INFO - Strategy using stake_currency: USDT
2022-07-30 16:06:21,203 - coingro.resolvers.strategy_resolver - INFO - Strategy using stake_amount: 200
2022-07-30 16:06:21,203 - coingro.resolvers.strategy_resolver - INFO - Strategy using pairlists: [{'method': 'VolumePairList', 'number_assets': 20, 'sort_key': 'quoteVolume', 'refresh_period': 1800}]
2022-07-30 16:06:21,203 - coingro.resolvers.strategy_resolver - INFO - Strategy using protections: []
2022-07-30 16:06:21,203 - coingro.resolvers.strategy_resolver - INFO - Strategy using startup_candle_count: 0
2022-07-30 16:06:21,204 - coingro.resolvers.strategy_resolver - INFO - Strategy using unfilledtimeout: {'entry': 10, 'exit': 10, 'exit_timeout_count': 3, 'unit': 'minutes'}
2022-07-30 16:06:21,204 - coingro.resolvers.strategy_resolver - INFO - Strategy using use_exit_signal: True
2022-07-30 16:06:21,204 - coingro.resolvers.strategy_resolver - INFO - Strategy using exit_profit_only: True
2022-07-30 16:06:21,204 - coingro.resolvers.strategy_resolver - INFO - Strategy using ignore_roi_if_entry_signal: False
2022-07-30 16:06:21,204 - coingro.resolvers.strategy_resolver - INFO - Strategy using exit_profit_offset: 0.0
2022-07-30 16:06:21,204 - coingro.resolvers.strategy_resolver - INFO - Strategy using disable_dataframe_checks: False
2022-07-30 16:06:21,204 - coingro.resolvers.strategy_resolver - INFO - Strategy using ignore_buying_expired_candle_after: 300
2022-07-30 16:06:21,204 - coingro.resolvers.strategy_resolver - INFO - Strategy using position_adjustment_enable: False
2022-07-30 16:06:21,204 - coingro.resolvers.strategy_resolver - INFO - Strategy using max_entry_position_adjustment: -1
2022-07-30 16:06:21,204 - coingro.resolvers.strategy_resolver - INFO - Strategy using trading_mode: spot
2022-07-30 16:06:21,204 - coingro.resolvers.strategy_resolver - INFO - Strategy using margin_mode:
2022-07-30 16:06:21,204 - coingro.configuration.config_validation - WARNING - DEPRECATED: Using 'buy' and 'sell' for order_types is deprecated.Please migrate your order_types settings to use 'entry' and 'exit' wording.
2022-07-30 16:06:21,205 - coingro.configuration.deprecated_settings - WARNING - DEPRECATED: The `order_types.buy` setting is deprecated and will be removed in the next versions of Coingro. Please use the `order_types.entry` setting in your configuration instead.
2022-07-30 16:06:21,205 - coingro.configuration.deprecated_settings - WARNING - DEPRECATED: The `order_types.sell` setting is deprecated and will be removed in the next versions of Coingro. Please use the `order_types.exit` setting in your configuration instead.
2022-07-30 16:06:21,205 - coingro.configuration.config_validation - INFO - Validating configuration ...
2022-07-30 16:06:21,480 - coingro.misc - INFO - dumping json to "/home/agbodesi/GitHub/coingro/user_data/config/coingro-bot_config.json"
2022-07-30 16:06:21,480 - coingro.configuration.save_config - INFO - Config backup complete.
2022-07-30 16:06:21,481 - coingro.exchange.exchange - INFO - Instance is running with dry_run enabled
2022-07-30 16:06:21,481 - coingro.exchange.exchange - INFO - Using CCXT 1.88.15
2022-07-30 16:06:21,520 - coingro.exchange.exchange - INFO - Using Exchange "Binance"
2022-07-30 16:06:23,511 - coingro.resolvers.exchange_resolver - INFO - Using resolved exchange 'Binance'...
2022-07-30 16:06:23,557 - coingro.wallets - INFO - Wallets synced.
2022-07-30 16:06:23,994 - coingro.rpc.rpc_manager - INFO - Enabling rpc.api_server
2022-07-30 16:06:24,855 - coingro.rpc.api_server.webserver - INFO - Starting HTTP Server at 0.0.0.0:8080
2022-07-30 16:06:24,855 - coingro.rpc.api_server.webserver - WARNING - SECURITY WARNING - Local Rest Server listening to external connections
2022-07-30 16:06:24,855 - coingro.rpc.api_server.webserver - WARNING - SECURITY WARNING - This is insecure please set to your loopback,e.g 127.0.0.1 in config.json
2022-07-30 16:06:24,855 - coingro.rpc.api_server.webserver - WARNING - SECURITY WARNING - `jwt_secret_key` seems to be default.Others may be able to log into your bot.
2022-07-30 16:06:24,855 - coingro.rpc.api_server.webserver - INFO - Starting Local Rest Server.
2022-07-30 16:06:24,879 - uvicorn.error - INFO - Started server process [66018]
2022-07-30 16:06:24,880 - uvicorn.error - INFO - Waiting for application startup.
2022-07-30 16:06:24,880 - uvicorn.error - INFO - Application startup complete.
2022-07-30 16:06:24,881 - uvicorn.error - INFO - Uvicorn running on http://0.0.0.0:8080 (Press CTRL+C to quit)
2022-07-30 16:06:24,886 - coingro.resolvers.iresolver - INFO - Using resolved pairlist VolumePairList from '/home/agbodesi/GitHub/coingro/coingro/plugins/pairlist/VolumePairList.py'...
2022-07-30 16:06:25,472 - VolumePairList - INFO - Pair BNB/USDT in your blacklist. Removing it from whitelist...
2022-07-30 16:06:25,503 - VolumePairList - INFO - Searching 20 pairs: ['BTC/USDT', 'ETH/USDT', 'BUSD/USDT', 'ETC/USDT', 'UNFI/USDT', 'OP/USDT', 'SOL/USDT', 'USDC/USDT', 'WING/USDT', 'FIL/USDT', 'ADA/USDT', 'XRP/USDT', 'FORTH/USDT', 'MATIC/USDT', 'AVAX/USDT', 'DOT/USDT', 'SHIB/USDT', 'DOGE/USDT', 'BTCST/USDT', 'GALA/USDT']
2022-07-30 16:06:25,511 - coingro.strategy.hyper - INFO - Strategy Parameter: buy_fastd = 1
2022-07-30 16:06:25,511 - coingro.strategy.hyper - INFO - Strategy Parameter: buy_fishRsiNorma = 5
2022-07-30 16:06:25,511 - coingro.strategy.hyper - INFO - Strategy Parameter: buy_rsi = 26
2022-07-30 16:06:25,511 - coingro.strategy.hyper - INFO - Strategy Parameter: buy_volumeAVG = 150
2022-07-30 16:06:25,512 - coingro.strategy.hyper - INFO - Strategy Parameter: sell_fishRsiNorma = 30
2022-07-30 16:06:25,512 - coingro.strategy.hyper - INFO - Strategy Parameter: sell_minusDI = 4
2022-07-30 16:06:25,512 - coingro.strategy.hyper - INFO - Strategy Parameter: sell_rsi = 74
2022-07-30 16:06:25,512 - coingro.strategy.hyper - INFO - Strategy Parameter: sell_trigger = rsi-macd-minusdi
2022-07-30 16:06:25,513 - coingro.strategy.hyper - INFO - No params for protection found, using default values.
2022-07-30 16:06:25,513 - coingro.plugins.protectionmanager - INFO - No protection Handlers defined.
2022-07-30 16:06:25,513 - coingro.rpc.rpc_manager - INFO - Sending rpc message: {'type': status, 'status': 'stopped'}
2022-07-30 16:06:25,513 - coingro.worker - INFO - Changing state to: STOPPED
2022-07-30 16:06:30,518 - coingro.worker - INFO - Bot heartbeat. PID=66018, version='1.0.7', state='STOPPED'
2022-07-30 16:06:32,649 - coingro.commands.trade_commands - INFO - SIGINT received, aborting ...
2022-07-30 16:06:32,650 - coingro.commands.trade_commands - INFO - worker found ... calling exit
2022-07-30 16:06:32,650 - coingro.rpc.rpc_manager - INFO - Sending rpc message: {'type': status, 'status': 'process died'}
2022-07-30 16:06:32,650 - coingro.coingrobot - INFO - Cleaning up modules ...
2022-07-30 16:06:32,657 - coingro.rpc.rpc_manager - INFO - Cleaning up rpc modules ...
2022-07-30 16:06:32,658 - coingro.rpc.rpc_manager - INFO - Cleaning up rpc.apiserver ...
2022-07-30 16:06:32,658 - coingro.rpc.api_server.webserver - INFO - Stopping API Server
2022-07-30 16:06:32,743 - uvicorn.error - INFO - Shutting down
2022-07-30 16:06:32,845 - uvicorn.error - INFO - Waiting for application shutdown.
2022-07-30 16:06:32,846 - uvicorn.error - INFO - Application shutdown complete.
2022-07-30 16:06:32,846 - uvicorn.error - INFO - Finished server process [66018]
2022-07-30 16:06:32,848 - coingro.exchange.exchange - INFO - Closing async ccxt session.
2022-07-30 16:06:49,587 - coingro.worker - INFO - Starting worker 1.0.7
2022-07-30 16:06:49,587 - coingro.configuration.load_config - INFO - Using config: user_data/config/config.json ...
2022-07-30 16:06:49,859 - coingro.loggers - INFO - Verbosity set to 0
2022-07-30 16:06:49,860 - coingro.configuration.configuration - INFO - Runmode set to dry_run.
2022-07-30 16:06:49,860 - coingro.configuration.configuration - INFO - Dry run is enabled
2022-07-30 16:06:49,860 - coingro.configuration.configuration - INFO - Using DB: "sqlite:///tradesv3.sqlite"
2022-07-30 16:06:49,860 - coingro.configuration.configuration - INFO - Using max_open_trades: 3 ...
2022-07-30 16:06:49,861 - coingro.configuration.configuration - INFO - Using user-data directory: /home/agbodesi/GitHub/coingro/user_data ...
2022-07-30 16:06:49,861 - coingro.configuration.configuration - INFO - Using data directory: /home/agbodesi/GitHub/coingro/user_data/data/binance ...
2022-07-30 16:06:49,861 - coingro.configuration.check_exchange - INFO - Checking exchange...
2022-07-30 16:06:49,883 - coingro.configuration.check_exchange - INFO - Exchange "binance" is officially supported by the Coingro development team.
2022-07-30 16:06:49,883 - coingro.configuration.configuration - INFO - Using pairlist from configuration.
2022-07-30 16:06:49,883 - coingro.coingrobot - INFO - Starting coingro 1.0.7
2022-07-30 16:06:50,038 - coingro.resolvers.iresolver - INFO - Using resolved strategy Strategy005 from '/home/agbodesi/GitHub/coingro/strategies/Strategy005.py'...
2022-07-30 16:06:50,038 - coingro.strategy.hyper - INFO - Found no parameter file.
2022-07-30 16:06:50,038 - coingro.resolvers.strategy_resolver - WARNING - DEPRECATED: Using 'sell_profit_only' moved to 'exit_profit_only'.
2022-07-30 16:06:50,039 - coingro.resolvers.strategy_resolver - WARNING - DEPRECATED: Using 'use_sell_signal' moved to 'use_exit_signal'.
2022-07-30 16:06:50,039 - coingro.resolvers.strategy_resolver - WARNING - DEPRECATED: Using 'ignore_roi_if_buy_signal' moved to 'ignore_roi_if_entry_signal'.
2022-07-30 16:06:50,039 - coingro.resolvers.strategy_resolver - INFO - Override strategy 'stake_currency' with value in config file: USDT.
2022-07-30 16:06:50,039 - coingro.resolvers.strategy_resolver - INFO - Override strategy 'stake_amount' with value in config file: 200.
2022-07-30 16:06:50,039 - coingro.resolvers.strategy_resolver - INFO - Override strategy 'unfilledtimeout' with value in config file: {'entry': 10, 'exit': 10, 'exit_timeout_count': 3, 'unit': 'minutes'}.
2022-07-30 16:06:50,039 - coingro.resolvers.strategy_resolver - INFO - Override strategy 'disable_dataframe_checks' with value in config file: False.
2022-07-30 16:06:50,039 - coingro.resolvers.strategy_resolver - INFO - Strategy using minimal_roi: {'1440': 0.01, '80': 0.02, '40': 0.03, '20': 0.04, '0': 0.05}
2022-07-30 16:06:50,039 - coingro.resolvers.strategy_resolver - INFO - Strategy using timeframe: 5m
2022-07-30 16:06:50,040 - coingro.resolvers.strategy_resolver - INFO - Strategy using stoploss: -0.1
2022-07-30 16:06:50,040 - coingro.resolvers.strategy_resolver - INFO - Strategy using trailing_stop: False
2022-07-30 16:06:50,040 - coingro.resolvers.strategy_resolver - INFO - Strategy using trailing_stop_positive: 0.01
2022-07-30 16:06:50,040 - coingro.resolvers.strategy_resolver - INFO - Strategy using trailing_stop_positive_offset: 0.02
2022-07-30 16:06:50,040 - coingro.resolvers.strategy_resolver - INFO - Strategy using trailing_only_offset_is_reached: False
2022-07-30 16:06:50,040 - coingro.resolvers.strategy_resolver - INFO - Strategy using use_custom_stoploss: False
2022-07-30 16:06:50,040 - coingro.resolvers.strategy_resolver - INFO - Strategy using process_only_new_candles: False
2022-07-30 16:06:50,040 - coingro.resolvers.strategy_resolver - INFO - Strategy using order_types: {'buy': 'limit', 'sell': 'limit', 'stoploss': 'market', 'stoploss_on_exchange': False}
2022-07-30 16:06:50,040 - coingro.resolvers.strategy_resolver - INFO - Strategy using order_time_in_force: {'entry': 'gtc', 'exit': 'gtc'}
2022-07-30 16:06:50,040 - coingro.resolvers.strategy_resolver - INFO - Strategy using stake_currency: USDT
2022-07-30 16:06:50,040 - coingro.resolvers.strategy_resolver - INFO - Strategy using stake_amount: 200
2022-07-30 16:06:50,041 - coingro.resolvers.strategy_resolver - INFO - Strategy using pairlists: [{'method': 'VolumePairList', 'number_assets': 20, 'sort_key': 'quoteVolume', 'refresh_period': 1800}]
2022-07-30 16:06:50,041 - coingro.resolvers.strategy_resolver - INFO - Strategy using protections: []
2022-07-30 16:06:50,041 - coingro.resolvers.strategy_resolver - INFO - Strategy using startup_candle_count: 0
2022-07-30 16:06:50,041 - coingro.resolvers.strategy_resolver - INFO - Strategy using unfilledtimeout: {'entry': 10, 'exit': 10, 'exit_timeout_count': 3, 'unit': 'minutes'}
2022-07-30 16:06:50,041 - coingro.resolvers.strategy_resolver - INFO - Strategy using use_exit_signal: True
2022-07-30 16:06:50,041 - coingro.resolvers.strategy_resolver - INFO - Strategy using exit_profit_only: True
2022-07-30 16:06:50,041 - coingro.resolvers.strategy_resolver - INFO - Strategy using ignore_roi_if_entry_signal: False
2022-07-30 16:06:50,041 - coingro.resolvers.strategy_resolver - INFO - Strategy using exit_profit_offset: 0.0
2022-07-30 16:06:50,041 - coingro.resolvers.strategy_resolver - INFO - Strategy using disable_dataframe_checks: False
2022-07-30 16:06:50,041 - coingro.resolvers.strategy_resolver - INFO - Strategy using ignore_buying_expired_candle_after: 300
2022-07-30 16:06:50,041 - coingro.resolvers.strategy_resolver - INFO - Strategy using position_adjustment_enable: False
2022-07-30 16:06:50,041 - coingro.resolvers.strategy_resolver - INFO - Strategy using max_entry_position_adjustment: -1
2022-07-30 16:06:50,041 - coingro.resolvers.strategy_resolver - INFO - Strategy using trading_mode: spot
2022-07-30 16:06:50,042 - coingro.resolvers.strategy_resolver - INFO - Strategy using margin_mode:
2022-07-30 16:06:50,042 - coingro.configuration.config_validation - WARNING - DEPRECATED: Using 'buy' and 'sell' for order_types is deprecated.Please migrate your order_types settings to use 'entry' and 'exit' wording.
2022-07-30 16:06:50,042 - coingro.configuration.deprecated_settings - WARNING - DEPRECATED: The `order_types.buy` setting is deprecated and will be removed in the next versions of Coingro. Please use the `order_types.entry` setting in your configuration instead.
2022-07-30 16:06:50,042 - coingro.configuration.deprecated_settings - WARNING - DEPRECATED: The `order_types.sell` setting is deprecated and will be removed in the next versions of Coingro. Please use the `order_types.exit` setting in your configuration instead.
2022-07-30 16:06:50,042 - coingro.configuration.config_validation - INFO - Validating configuration ...
2022-07-30 16:06:50,317 - coingro.misc - INFO - dumping json to "/home/agbodesi/GitHub/coingro/user_data/config/coingro-bot_config.json"
2022-07-30 16:06:50,318 - coingro.configuration.save_config - INFO - Config backup complete.
2022-07-30 16:06:50,318 - coingro.exchange.exchange - INFO - Instance is running with dry_run enabled
2022-07-30 16:06:50,318 - coingro.exchange.exchange - INFO - Using CCXT 1.88.15
2022-07-30 16:06:50,357 - coingro.exchange.exchange - INFO - Using Exchange "Binance"
2022-07-30 16:06:52,416 - coingro.resolvers.exchange_resolver - INFO - Using resolved exchange 'Binance'...
2022-07-30 16:06:52,548 - coingro.wallets - INFO - Wallets synced.
2022-07-30 16:06:52,971 - coingro.rpc.rpc_manager - INFO - Enabling rpc.api_server
2022-07-30 16:06:53,835 - coingro.rpc.api_server.webserver - INFO - Starting HTTP Server at 0.0.0.0:8080
2022-07-30 16:06:53,835 - coingro.rpc.api_server.webserver - WARNING - SECURITY WARNING - Local Rest Server listening to external connections
2022-07-30 16:06:53,913 - coingro.rpc.api_server.webserver - WARNING - SECURITY WARNING - This is insecure please set to your loopback,e.g 127.0.0.1 in config.json
2022-07-30 16:06:53,914 - coingro.rpc.api_server.webserver - WARNING - SECURITY WARNING - `jwt_secret_key` seems to be default.Others may be able to log into your bot.
2022-07-30 16:06:53,914 - coingro.rpc.api_server.webserver - INFO - Starting Local Rest Server.
2022-07-30 16:06:53,946 - uvicorn.error - INFO - Started server process [66045]
2022-07-30 16:06:53,947 - uvicorn.error - INFO - Waiting for application startup.
2022-07-30 16:06:53,947 - uvicorn.error - INFO - Application startup complete.
2022-07-30 16:06:53,948 - uvicorn.error - INFO - Uvicorn running on http://0.0.0.0:8080 (Press CTRL+C to quit)
2022-07-30 16:06:53,955 - coingro.resolvers.iresolver - INFO - Using resolved pairlist VolumePairList from '/home/agbodesi/GitHub/coingro/coingro/plugins/pairlist/VolumePairList.py'...
2022-07-30 16:06:54,676 - VolumePairList - INFO - Pair BNB/USDT in your blacklist. Removing it from whitelist...
2022-07-30 16:06:54,707 - VolumePairList - INFO - Searching 20 pairs: ['BTC/USDT', 'ETH/USDT', 'BUSD/USDT', 'ETC/USDT', 'UNFI/USDT', 'OP/USDT', 'SOL/USDT', 'USDC/USDT', 'WING/USDT', 'FIL/USDT', 'ADA/USDT', 'XRP/USDT', 'FORTH/USDT', 'MATIC/USDT', 'AVAX/USDT', 'DOT/USDT', 'SHIB/USDT', 'DOGE/USDT', 'BTCST/USDT', 'GALA/USDT']
2022-07-30 16:06:54,715 - coingro.strategy.hyper - INFO - Strategy Parameter: buy_fastd = 1
2022-07-30 16:06:54,716 - coingro.strategy.hyper - INFO - Strategy Parameter: buy_fishRsiNorma = 5
2022-07-30 16:06:54,716 - coingro.strategy.hyper - INFO - Strategy Parameter: buy_rsi = 26
2022-07-30 16:06:54,716 - coingro.strategy.hyper - INFO - Strategy Parameter: buy_volumeAVG = 150
2022-07-30 16:06:54,717 - coingro.strategy.hyper - INFO - Strategy Parameter: sell_fishRsiNorma = 30
2022-07-30 16:06:54,717 - coingro.strategy.hyper - INFO - Strategy Parameter: sell_minusDI = 4
2022-07-30 16:06:54,717 - coingro.strategy.hyper - INFO - Strategy Parameter: sell_rsi = 74
2022-07-30 16:06:54,717 - coingro.strategy.hyper - INFO - Strategy Parameter: sell_trigger = rsi-macd-minusdi
2022-07-30 16:06:54,717 - coingro.strategy.hyper - INFO - No params for protection found, using default values.
2022-07-30 16:06:54,717 - coingro.plugins.protectionmanager - INFO - No protection Handlers defined.
2022-07-30 16:06:54,718 - coingro.rpc.rpc_manager - INFO - Sending rpc message: {'type': status, 'status': 'stopped'}
2022-07-30 16:06:54,718 - coingro.worker - INFO - Changing state to: STOPPED
2022-07-30 16:06:59,722 - coingro.worker - INFO - Bot heartbeat. PID=66045, version='1.0.7', state='STOPPED'
2022-07-30 16:07:09,730 - coingro.rpc.rpc_manager - INFO - Sending rpc message: {'type': status, 'status': 'running'}
2022-07-30 16:07:09,731 - coingro.worker - INFO - Changing state from STOPPED to: RUNNING
2022-07-30 16:07:09,814 - coingro.rpc.rpc_manager - INFO - Sending rpc message: {'type': warning, 'status': 'Dry run is enabled. All trades are simulated.'}
2022-07-30 16:07:09,815 - coingro.rpc.rpc_manager - INFO - Sending rpc message: {'type': startup, 'status': "*Exchange:* `binance`\n*Stake per trade:* `200 USDT`\n*Minimum ROI:* `{'1440': 0.01, '80': 0.02, '40': 0.03, '20': 0.04, '0': 0.05}`\n*Stoploss:* `-0.1`\n*Position adjustment:* `Off`\n*Timeframe:* `5m`\n*Strategy:* `Strategy005`"}
2022-07-30 16:07:09,815 - coingro.rpc.rpc_manager - INFO - Sending rpc message: {'type': startup, 'status': "Searching for USDT pairs to buy and sell based on [{'VolumePairList': 'VolumePairList - top 20 volume pairs.'}]"}
2022-07-30 16:07:14,825 - coingro.worker - INFO - Bot heartbeat. PID=66045, version='1.0.7', state='RUNNING'
2022-07-30 16:08:14,868 - coingro.worker - INFO - Bot heartbeat. PID=66045, version='1.0.7', state='RUNNING'
2022-07-30 16:09:14,910 - coingro.worker - INFO - Bot heartbeat. PID=66045, version='1.0.7', state='RUNNING'
2022-07-30 16:10:14,958 - coingro.worker - INFO - Bot heartbeat. PID=66045, version='1.0.7', state='RUNNING'
